android/build/intermediates/manifest_merge_blame_file/debug/manifest-merger-blame-debug-report.txt
1<?xml version="1.0" encoding="utf-8"?>
2<manifest xmlns:android="http://schemas.android.com/apk/res/android"
3    package="com.mygdx.gragdx"
4    android:versionCode="1"
5    android:versionName="1.0" >
6
7    <uses-sdk
8        android:minSdkVersion="14"
8-->graGDX\android\AndroidManifest.xml
9        android:targetSdkVersion="29" />
9-->graGDX\android\AndroidManifest.xml
10
11    <application
11-->graGDX\android\AndroidManifest.xml:5:5-23:19
12        android:allowBackup="true"
12-->graGDX\android\AndroidManifest.xml:6:13-39
13        android:appCategory="game"
13-->graGDX\android\AndroidManifest.xml:9:13-39
14        android:debuggable="true"
15        android:icon="@drawable/ic_launcher"
15-->graGDX\android\AndroidManifest.xml:7:13-49
16        android:isGame="true"
16-->graGDX\android\AndroidManifest.xml:8:13-34
17        android:label="@string/app_name"
17-->graGDX\android\AndroidManifest.xml:10:13-45
18        android:testOnly="true"
19        android:theme="@style/GdxTheme" >
19-->graGDX\android\AndroidManifest.xml:11:13-44
20        <activity
20-->graGDX\android\AndroidManifest.xml:13:9-22:20
21            android:name="com.mygdx.gragdx.AndroidLauncher"
21-->graGDX\android\AndroidManifest.xml:14:13-60
22            android:configChanges="keyboard|keyboardHidden|navigation|orientation|screenSize|screenLayout"
22-->graGDX\android\AndroidManifest.xml:17:13-107
23            android:label="@string/app_name"
23-->graGDX\android\AndroidManifest.xml:15:13-45
24            android:screenOrientation="portrait" >
24-->graGDX\android\AndroidManifest.xml:16:13-49
25            <intent-filter>
25-->graGDX\android\AndroidManifest.xml:18:13-21:29
26                <action android:name="android.intent.action.MAIN" />
26-->graGDX\android\AndroidManifest.xml:19:17-69
26-->graGDX\android\AndroidManifest.xml:19:25-66
27
28                <category android:name="android.intent.category.LAUNCHER" />
28-->graGDX\android\AndroidManifest.xml:20:17-77
28-->graGDX\android\AndroidManifest.xml:20:27-74
29            </intent-filter>
30        </activity>
31    </application>
32
33</manifest>